<?xml version="1.0" encoding="UTF-8"?>
<testng-results ignored="0" total="1" passed="1" failed="0" skipped="0">
  <reporter-output>
  </reporter-output>
  <suite started-at="2020-04-16T10:35:32 IST" name="Default suite" finished-at="2020-04-16T10:36:47 IST" duration-ms="74526">
    <groups>
    </groups>
    <test started-at="2020-04-16T10:35:32 IST" name="Default test" finished-at="2020-04-16T10:36:47 IST" duration-ms="74526">
      <class name="TestCases.BuyShare">
        <test-method is-config="true" signature="setup()[pri:0, instance:TestCases.BuyShare@233fe9b6]" started-at="2020-04-16T10:35:32 IST" name="setup" finished-at="2020-04-16T10:35:54 IST" duration-ms="22223" status="PASS">
          <reporter-output>
          </reporter-output>
        </test-method> <!-- setup -->
        <test-method signature="buyShare()[pri:1, instance:TestCases.BuyShare@233fe9b6]" started-at="2020-04-16T10:35:54 IST" name="buyShare" finished-at="2020-04-16T10:36:47 IST" duration-ms="52176" status="PASS">
          <reporter-output>
          </reporter-output>
        </test-method> <!-- buyShare -->
      </class> <!-- TestCases.BuyShare -->
    </test> <!-- Default test -->
  </suite> <!-- Default suite -->
</testng-results>
